# Logfile created on 2015-06-07 08:44:16 -0300 by logger.rb/44203
I, [2015-06-07T08:44:16.451198 #59191]  INFO -- : 0:  i18n (0.7.0) from /Users/leods92/.rvm/gems/ruby-2.1.0/specifications/i18n-0.7.0.gemspec
I, [2015-06-07T08:44:16.452480 #59191]  INFO -- : 0:  json (1.8.2) from /Users/leods92/.rvm/gems/ruby-2.1.0/specifications/json-1.8.2.gemspec
I, [2015-06-07T08:44:16.452882 #59191]  INFO -- : 0:  minitest (5.7.0) from /Users/leods92/.rvm/gems/ruby-2.1.0/specifications/minitest-5.7.0.gemspec
I, [2015-06-07T08:44:16.453226 #59191]  INFO -- : 0:  thread_safe (0.3.5) from /Users/leods92/.rvm/gems/ruby-2.1.0/specifications/thread_safe-0.3.5.gemspec
I, [2015-06-07T08:44:16.453622 #59191]  INFO -- : 0:  tzinfo (1.2.2) from /Users/leods92/.rvm/gems/ruby-2.1.0/specifications/tzinfo-1.2.2.gemspec
I, [2015-06-07T08:44:16.453962 #59191]  INFO -- : 0:  activesupport (4.2.1) from /Users/leods92/.rvm/gems/ruby-2.1.0/specifications/activesupport-4.2.1.gemspec
I, [2015-06-07T08:44:16.454343 #59191]  INFO -- : 0:  builder (3.2.2) from /Users/leods92/.rvm/gems/ruby-2.1.0/specifications/builder-3.2.2.gemspec
I, [2015-06-07T08:44:16.454676 #59191]  INFO -- : 0:  activemodel (4.2.1) from /Users/leods92/.rvm/gems/ruby-2.1.0/specifications/activemodel-4.2.1.gemspec
I, [2015-06-07T08:44:16.455111 #59191]  INFO -- : 0:  arel (6.0.0) from /Users/leods92/.rvm/gems/ruby-2.1.0/specifications/arel-6.0.0.gemspec
I, [2015-06-07T08:44:16.455438 #59191]  INFO -- : 0:  activerecord (4.2.1) from /Users/leods92/.rvm/gems/ruby-2.1.0/specifications/activerecord-4.2.1.gemspec
I, [2015-06-07T08:44:16.455789 #59191]  INFO -- : 0:  diff-lcs (1.2.5) from /Users/leods92/.rvm/gems/ruby-2.1.0/specifications/diff-lcs-1.2.5.gemspec
I, [2015-06-07T08:44:16.456098 #59191]  INFO -- : 0:  rspec-support (3.2.2) from /Users/leods92/.rvm/gems/ruby-2.1.0/specifications/rspec-support-3.2.2.gemspec
I, [2015-06-07T08:44:16.456418 #59191]  INFO -- : 0:  rspec-core (3.2.3) from /Users/leods92/.rvm/gems/ruby-2.1.0/specifications/rspec-core-3.2.3.gemspec
I, [2015-06-07T08:44:16.456713 #59191]  INFO -- : 0:  rspec-expectations (3.2.1) from /Users/leods92/.rvm/gems/ruby-2.1.0/specifications/rspec-expectations-3.2.1.gemspec
I, [2015-06-07T08:44:16.457035 #59191]  INFO -- : 0:  rspec-mocks (3.2.1) from /Users/leods92/.rvm/gems/ruby-2.1.0/specifications/rspec-mocks-3.2.1.gemspec
I, [2015-06-07T08:44:16.457397 #59191]  INFO -- : 0:  rspec (3.2.0) from /Users/leods92/.rvm/gems/ruby-2.1.0/specifications/rspec-3.2.0.gemspec
I, [2015-06-07T08:44:16.457701 #59191]  INFO -- : 0:  bundler (1.5.1) from /Users/leods92/.rvm/gems/ruby-2.1.0/specifications/bundler-1.5.1.gemspec
I, [2015-06-07T08:57:24.717971 #59591]  INFO -- : 0:  i18n (0.7.0) from /Users/leods92/.rvm/gems/ruby-2.1.0/specifications/i18n-0.7.0.gemspec
I, [2015-06-07T08:57:24.721040 #59591]  INFO -- : 0:  json (1.8.2) from /Users/leods92/.rvm/gems/ruby-2.1.0/specifications/json-1.8.2.gemspec
I, [2015-06-07T08:57:24.721523 #59591]  INFO -- : 0:  minitest (5.7.0) from /Users/leods92/.rvm/gems/ruby-2.1.0/specifications/minitest-5.7.0.gemspec
I, [2015-06-07T08:57:24.721931 #59591]  INFO -- : 0:  thread_safe (0.3.5) from /Users/leods92/.rvm/gems/ruby-2.1.0/specifications/thread_safe-0.3.5.gemspec
I, [2015-06-07T08:57:24.722278 #59591]  INFO -- : 0:  tzinfo (1.2.2) from /Users/leods92/.rvm/gems/ruby-2.1.0/specifications/tzinfo-1.2.2.gemspec
I, [2015-06-07T08:57:24.722634 #59591]  INFO -- : 0:  activesupport (4.2.1) from /Users/leods92/.rvm/gems/ruby-2.1.0/specifications/activesupport-4.2.1.gemspec
I, [2015-06-07T08:57:24.722943 #59591]  INFO -- : 0:  builder (3.2.2) from /Users/leods92/.rvm/gems/ruby-2.1.0/specifications/builder-3.2.2.gemspec
I, [2015-06-07T08:57:24.723417 #59591]  INFO -- : 0:  activemodel (4.2.1) from /Users/leods92/.rvm/gems/ruby-2.1.0/specifications/activemodel-4.2.1.gemspec
I, [2015-06-07T08:57:24.723718 #59591]  INFO -- : 0:  arel (6.0.0) from /Users/leods92/.rvm/gems/ruby-2.1.0/specifications/arel-6.0.0.gemspec
I, [2015-06-07T08:57:24.724060 #59591]  INFO -- : 0:  activerecord (4.2.1) from /Users/leods92/.rvm/gems/ruby-2.1.0/specifications/activerecord-4.2.1.gemspec
I, [2015-06-07T08:57:24.724378 #59591]  INFO -- : 0:  diff-lcs (1.2.5) from /Users/leods92/.rvm/gems/ruby-2.1.0/specifications/diff-lcs-1.2.5.gemspec
I, [2015-06-07T08:57:24.724671 #59591]  INFO -- : 0:  pg (0.15.1) from /Users/leods92/.rvm/gems/ruby-2.1.0/specifications/pg-0.15.1.gemspec
I, [2015-06-07T08:57:24.725050 #59591]  INFO -- : 0:  rspec-support (3.2.2) from /Users/leods92/.rvm/gems/ruby-2.1.0/specifications/rspec-support-3.2.2.gemspec
I, [2015-06-07T08:57:24.725442 #59591]  INFO -- : 0:  rspec-core (3.2.3) from /Users/leods92/.rvm/gems/ruby-2.1.0/specifications/rspec-core-3.2.3.gemspec
I, [2015-06-07T08:57:24.725860 #59591]  INFO -- : 0:  rspec-expectations (3.2.1) from /Users/leods92/.rvm/gems/ruby-2.1.0/specifications/rspec-expectations-3.2.1.gemspec
I, [2015-06-07T08:57:24.726187 #59591]  INFO -- : 0:  rspec-mocks (3.2.1) from /Users/leods92/.rvm/gems/ruby-2.1.0/specifications/rspec-mocks-3.2.1.gemspec
I, [2015-06-07T08:57:24.726545 #59591]  INFO -- : 0:  rspec (3.2.0) from /Users/leods92/.rvm/gems/ruby-2.1.0/specifications/rspec-3.2.0.gemspec
I, [2015-06-07T08:57:24.726862 #59591]  INFO -- : 0:  bundler (1.5.1) from /Users/leods92/.rvm/gems/ruby-2.1.0/specifications/bundler-1.5.1.gemspec
I, [2015-06-07T09:07:17.647500 #59711]  INFO -- : 0:  rake (10.4.2) from /Users/leods92/.rvm/gems/ruby-2.1.0/specifications/rake-10.4.2.gemspec
I, [2015-06-07T09:07:17.649903 #59711]  INFO -- : 0:  i18n (0.7.0) from /Users/leods92/.rvm/gems/ruby-2.1.0/specifications/i18n-0.7.0.gemspec
I, [2015-06-07T09:07:17.650291 #59711]  INFO -- : 0:  json (1.8.2) from /Users/leods92/.rvm/gems/ruby-2.1.0/specifications/json-1.8.2.gemspec
I, [2015-06-07T09:07:17.650713 #59711]  INFO -- : 0:  minitest (5.7.0) from /Users/leods92/.rvm/gems/ruby-2.1.0/specifications/minitest-5.7.0.gemspec
I, [2015-06-07T09:07:17.651021 #59711]  INFO -- : 0:  thread_safe (0.3.5) from /Users/leods92/.rvm/gems/ruby-2.1.0/specifications/thread_safe-0.3.5.gemspec
I, [2015-06-07T09:07:17.651385 #59711]  INFO -- : 0:  tzinfo (1.2.2) from /Users/leods92/.rvm/gems/ruby-2.1.0/specifications/tzinfo-1.2.2.gemspec
I, [2015-06-07T09:07:17.651715 #59711]  INFO -- : 0:  activesupport (4.2.1) from /Users/leods92/.rvm/gems/ruby-2.1.0/specifications/activesupport-4.2.1.gemspec
I, [2015-06-07T09:07:17.652014 #59711]  INFO -- : 0:  builder (3.2.2) from /Users/leods92/.rvm/gems/ruby-2.1.0/specifications/builder-3.2.2.gemspec
I, [2015-06-07T09:07:17.652298 #59711]  INFO -- : 0:  erubis (2.7.0) from /Users/leods92/.rvm/gems/ruby-2.1.0/specifications/erubis-2.7.0.gemspec
I, [2015-06-07T09:07:17.652576 #59711]  INFO -- : 0:  mini_portile (0.6.2) from /Users/leods92/.rvm/gems/ruby-2.1.0/specifications/mini_portile-0.6.2.gemspec
I, [2015-06-07T09:07:17.652856 #59711]  INFO -- : 0:  nokogiri (1.6.6.2) from /Users/leods92/.rvm/gems/ruby-2.1.0/specifications/nokogiri-1.6.6.2.gemspec
I, [2015-06-07T09:07:17.653177 #59711]  INFO -- : 0:  rails-deprecated_sanitizer (1.0.3) from /Users/leods92/.rvm/gems/ruby-2.1.0/specifications/rails-deprecated_sanitizer-1.0.3.gemspec
I, [2015-06-07T09:07:17.653465 #59711]  INFO -- : 0:  rails-dom-testing (1.0.6) from /Users/leods92/.rvm/gems/ruby-2.1.0/specifications/rails-dom-testing-1.0.6.gemspec
I, [2015-06-07T09:07:20.324417 #59711]  INFO -- : 0:  loofah (2.0.2) from /Users/leods92/.rvm/gems/ruby-2.1.0/specifications/loofah-2.0.2.gemspec
I, [2015-06-07T09:07:20.325626 #59711]  INFO -- : 0:  rails-html-sanitizer (1.0.2) from /Users/leods92/.rvm/gems/ruby-2.1.0/specifications/rails-html-sanitizer-1.0.2.gemspec
I, [2015-06-07T09:07:20.325978 #59711]  INFO -- : 0:  actionview (4.2.1) from /Users/leods92/.rvm/gems/ruby-2.1.0/specifications/actionview-4.2.1.gemspec
I, [2015-06-07T09:07:20.326347 #59711]  INFO -- : 0:  rack (1.6.1) from /Users/leods92/.rvm/gems/ruby-2.1.0/specifications/rack-1.6.1.gemspec
I, [2015-06-07T09:07:20.326691 #59711]  INFO -- : 0:  rack-test (0.6.3) from /Users/leods92/.rvm/gems/ruby-2.1.0/specifications/rack-test-0.6.3.gemspec
I, [2015-06-07T09:07:20.327040 #59711]  INFO -- : 0:  actionpack (4.2.1) from /Users/leods92/.rvm/gems/ruby-2.1.0/specifications/actionpack-4.2.1.gemspec
I, [2015-06-07T09:07:20.327392 #59711]  INFO -- : 0:  activemodel (4.2.1) from /Users/leods92/.rvm/gems/ruby-2.1.0/specifications/activemodel-4.2.1.gemspec
I, [2015-06-07T09:07:20.327757 #59711]  INFO -- : 0:  arel (6.0.0) from /Users/leods92/.rvm/gems/ruby-2.1.0/specifications/arel-6.0.0.gemspec
I, [2015-06-07T09:07:20.328108 #59711]  INFO -- : 0:  activerecord (4.2.1) from /Users/leods92/.rvm/gems/ruby-2.1.0/specifications/activerecord-4.2.1.gemspec
I, [2015-06-07T09:07:20.328390 #59711]  INFO -- : 0:  diff-lcs (1.2.5) from /Users/leods92/.rvm/gems/ruby-2.1.0/specifications/diff-lcs-1.2.5.gemspec
I, [2015-06-07T09:07:20.328734 #59711]  INFO -- : 0:  pg (0.15.1) from /Users/leods92/.rvm/gems/ruby-2.1.0/specifications/pg-0.15.1.gemspec
I, [2015-06-07T09:07:20.329022 #59711]  INFO -- : 0:  thor (0.19.1) from /Users/leods92/.rvm/gems/ruby-2.1.0/specifications/thor-0.19.1.gemspec
I, [2015-06-07T09:07:20.329374 #59711]  INFO -- : 0:  railties (4.2.1) from /Users/leods92/.rvm/gems/ruby-2.1.0/specifications/railties-4.2.1.gemspec
I, [2015-06-07T09:07:20.329641 #59711]  INFO -- : 0:  rspec-support (3.2.2) from /Users/leods92/.rvm/gems/ruby-2.1.0/specifications/rspec-support-3.2.2.gemspec
I, [2015-06-07T09:07:20.329984 #59711]  INFO -- : 0:  rspec-core (3.2.3) from /Users/leods92/.rvm/gems/ruby-2.1.0/specifications/rspec-core-3.2.3.gemspec
I, [2015-06-07T09:07:20.330278 #59711]  INFO -- : 0:  rspec-expectations (3.2.1) from /Users/leods92/.rvm/gems/ruby-2.1.0/specifications/rspec-expectations-3.2.1.gemspec
I, [2015-06-07T09:07:20.330690 #59711]  INFO -- : 0:  rspec-mocks (3.2.1) from /Users/leods92/.rvm/gems/ruby-2.1.0/specifications/rspec-mocks-3.2.1.gemspec
I, [2015-06-07T09:07:22.684292 #59711]  INFO -- : 0:  rspec-rails (3.2.3) from /Users/leods92/.rvm/gems/ruby-2.1.0/specifications/rspec-rails-3.2.3.gemspec
I, [2015-06-07T09:07:22.684789 #59711]  INFO -- : 0:  bundler (1.5.1) from /Users/leods92/.rvm/gems/ruby-2.1.0/specifications/bundler-1.5.1.gemspec
I, [2015-06-07T09:07:45.823601 #59718]  INFO -- : 0:  rake (10.4.2) from /Users/leods92/.rvm/gems/ruby-2.1.0/specifications/rake-10.4.2.gemspec
I, [2015-06-07T09:07:45.824080 #59718]  INFO -- : 0:  i18n (0.7.0) from /Users/leods92/.rvm/gems/ruby-2.1.0/specifications/i18n-0.7.0.gemspec
I, [2015-06-07T09:07:45.824592 #59718]  INFO -- : 0:  json (1.8.2) from /Users/leods92/.rvm/gems/ruby-2.1.0/specifications/json-1.8.2.gemspec
I, [2015-06-07T09:07:45.825121 #59718]  INFO -- : 0:  minitest (5.7.0) from /Users/leods92/.rvm/gems/ruby-2.1.0/specifications/minitest-5.7.0.gemspec
I, [2015-06-07T09:07:45.825575 #59718]  INFO -- : 0:  thread_safe (0.3.5) from /Users/leods92/.rvm/gems/ruby-2.1.0/specifications/thread_safe-0.3.5.gemspec
I, [2015-06-07T09:07:45.825961 #59718]  INFO -- : 0:  tzinfo (1.2.2) from /Users/leods92/.rvm/gems/ruby-2.1.0/specifications/tzinfo-1.2.2.gemspec
I, [2015-06-07T09:07:45.826384 #59718]  INFO -- : 0:  activesupport (4.2.1) from /Users/leods92/.rvm/gems/ruby-2.1.0/specifications/activesupport-4.2.1.gemspec
I, [2015-06-07T09:07:45.826874 #59718]  INFO -- : 0:  builder (3.2.2) from /Users/leods92/.rvm/gems/ruby-2.1.0/specifications/builder-3.2.2.gemspec
I, [2015-06-07T09:07:45.827326 #59718]  INFO -- : 0:  erubis (2.7.0) from /Users/leods92/.rvm/gems/ruby-2.1.0/specifications/erubis-2.7.0.gemspec
I, [2015-06-07T09:07:45.827834 #59718]  INFO -- : 0:  mini_portile (0.6.2) from /Users/leods92/.rvm/gems/ruby-2.1.0/specifications/mini_portile-0.6.2.gemspec
I, [2015-06-07T09:07:45.828270 #59718]  INFO -- : 0:  nokogiri (1.6.6.2) from /Users/leods92/.rvm/gems/ruby-2.1.0/specifications/nokogiri-1.6.6.2.gemspec
I, [2015-06-07T09:07:45.828557 #59718]  INFO -- : 0:  rails-deprecated_sanitizer (1.0.3) from /Users/leods92/.rvm/gems/ruby-2.1.0/specifications/rails-deprecated_sanitizer-1.0.3.gemspec
I, [2015-06-07T09:07:45.828810 #59718]  INFO -- : 0:  rails-dom-testing (1.0.6) from /Users/leods92/.rvm/gems/ruby-2.1.0/specifications/rails-dom-testing-1.0.6.gemspec
I, [2015-06-07T09:07:45.829062 #59718]  INFO -- : 0:  loofah (2.0.2) from /Users/leods92/.rvm/gems/ruby-2.1.0/specifications/loofah-2.0.2.gemspec
I, [2015-06-07T09:07:45.829399 #59718]  INFO -- : 0:  rails-html-sanitizer (1.0.2) from /Users/leods92/.rvm/gems/ruby-2.1.0/specifications/rails-html-sanitizer-1.0.2.gemspec
I, [2015-06-07T09:07:45.830173 #59718]  INFO -- : 0:  actionview (4.2.1) from /Users/leods92/.rvm/gems/ruby-2.1.0/specifications/actionview-4.2.1.gemspec
I, [2015-06-07T09:07:45.830749 #59718]  INFO -- : 0:  rack (1.6.1) from /Users/leods92/.rvm/gems/ruby-2.1.0/specifications/rack-1.6.1.gemspec
I, [2015-06-07T09:07:45.831173 #59718]  INFO -- : 0:  rack-test (0.6.3) from /Users/leods92/.rvm/gems/ruby-2.1.0/specifications/rack-test-0.6.3.gemspec
I, [2015-06-07T09:07:45.831566 #59718]  INFO -- : 0:  actionpack (4.2.1) from /Users/leods92/.rvm/gems/ruby-2.1.0/specifications/actionpack-4.2.1.gemspec
I, [2015-06-07T09:07:45.831937 #59718]  INFO -- : 0:  globalid (0.3.3) from /Users/leods92/.rvm/gems/ruby-2.1.0/specifications/globalid-0.3.3.gemspec
I, [2015-06-07T09:07:45.832323 #59718]  INFO -- : 0:  activejob (4.2.1) from /Users/leods92/.rvm/gems/ruby-2.1.0/specifications/activejob-4.2.1.gemspec
I, [2015-06-07T09:07:45.832629 #59718]  INFO -- : 0:  mime-types (2.5) from /Users/leods92/.rvm/gems/ruby-2.1.0/specifications/mime-types-2.5.gemspec
I, [2015-06-07T09:07:45.832920 #59718]  INFO -- : 0:  mail (2.6.3) from /Users/leods92/.rvm/gems/ruby-2.1.0/specifications/mail-2.6.3.gemspec
I, [2015-06-07T09:07:45.833228 #59718]  INFO -- : 0:  actionmailer (4.2.1) from /Users/leods92/.rvm/gems/ruby-2.1.0/specifications/actionmailer-4.2.1.gemspec
I, [2015-06-07T09:07:45.833518 #59718]  INFO -- : 0:  activemodel (4.2.1) from /Users/leods92/.rvm/gems/ruby-2.1.0/specifications/activemodel-4.2.1.gemspec
I, [2015-06-07T09:07:45.833804 #59718]  INFO -- : 0:  arel (6.0.0) from /Users/leods92/.rvm/gems/ruby-2.1.0/specifications/arel-6.0.0.gemspec
I, [2015-06-07T09:07:45.834107 #59718]  INFO -- : 0:  activerecord (4.2.1) from /Users/leods92/.rvm/gems/ruby-2.1.0/specifications/activerecord-4.2.1.gemspec
I, [2015-06-07T09:07:45.834394 #59718]  INFO -- : 0:  bundler (1.5.1) from /Users/leods92/.rvm/gems/ruby-2.1.0/specifications/bundler-1.5.1.gemspec
I, [2015-06-07T09:07:45.834699 #59718]  INFO -- : 0:  diff-lcs (1.2.5) from /Users/leods92/.rvm/gems/ruby-2.1.0/specifications/diff-lcs-1.2.5.gemspec
I, [2015-06-07T09:07:45.834997 #59718]  INFO -- : 0:  hike (1.2.3) from /Users/leods92/.rvm/gems/ruby-2.1.0/specifications/hike-1.2.3.gemspec
I, [2015-06-07T09:07:45.835290 #59718]  INFO -- : 0:  multi_json (1.11.0) from /Users/leods92/.rvm/gems/ruby-2.1.0/specifications/multi_json-1.11.0.gemspec
I, [2015-06-07T09:07:45.835590 #59718]  INFO -- : 0:  pg (0.15.1) from /Users/leods92/.rvm/gems/ruby-2.1.0/specifications/pg-0.15.1.gemspec
I, [2015-06-07T09:07:45.835891 #59718]  INFO -- : 0:  thor (0.19.1) from /Users/leods92/.rvm/gems/ruby-2.1.0/specifications/thor-0.19.1.gemspec
I, [2015-06-07T09:07:45.836207 #59718]  INFO -- : 0:  railties (4.2.1) from /Users/leods92/.rvm/gems/ruby-2.1.0/specifications/railties-4.2.1.gemspec
I, [2015-06-07T09:07:45.836495 #59718]  INFO -- : 0:  tilt (1.4.1) from /Users/leods92/.rvm/gems/ruby-2.1.0/specifications/tilt-1.4.1.gemspec
I, [2015-06-07T09:07:45.836855 #59718]  INFO -- : 0:  sprockets (2.12.3) from /Users/leods92/.rvm/gems/ruby-2.1.0/specifications/sprockets-2.12.3.gemspec
I, [2015-06-07T09:07:45.837158 #59718]  INFO -- : 0:  sprockets-rails (2.2.4) from /Users/leods92/.rvm/gems/ruby-2.1.0/specifications/sprockets-rails-2.2.4.gemspec
I, [2015-06-07T09:07:45.837453 #59718]  INFO -- : 0:  rails (4.2.1) from /Users/leods92/.rvm/gems/ruby-2.1.0/specifications/rails-4.2.1.gemspec
I, [2015-06-07T09:07:45.837775 #59718]  INFO -- : 0:  rspec-support (3.2.2) from /Users/leods92/.rvm/gems/ruby-2.1.0/specifications/rspec-support-3.2.2.gemspec
I, [2015-06-07T09:07:45.838102 #59718]  INFO -- : 0:  rspec-core (3.2.3) from /Users/leods92/.rvm/gems/ruby-2.1.0/specifications/rspec-core-3.2.3.gemspec
I, [2015-06-07T09:07:45.838417 #59718]  INFO -- : 0:  rspec-expectations (3.2.1) from /Users/leods92/.rvm/gems/ruby-2.1.0/specifications/rspec-expectations-3.2.1.gemspec
I, [2015-06-07T09:07:45.838735 #59718]  INFO -- : 0:  rspec-mocks (3.2.1) from /Users/leods92/.rvm/gems/ruby-2.1.0/specifications/rspec-mocks-3.2.1.gemspec
I, [2015-06-07T09:07:45.839033 #59718]  INFO -- : 0:  rspec-rails (3.2.3) from /Users/leods92/.rvm/gems/ruby-2.1.0/specifications/rspec-rails-3.2.3.gemspec
I, [2015-06-07T09:08:16.020998 #59725]  INFO -- : 0:  i18n (0.7.0) from /Users/leods92/.rvm/gems/ruby-2.1.0/specifications/i18n-0.7.0.gemspec
I, [2015-06-07T09:08:16.021711 #59725]  INFO -- : 0:  json (1.8.2) from /Users/leods92/.rvm/gems/ruby-2.1.0/specifications/json-1.8.2.gemspec
I, [2015-06-07T09:08:16.022091 #59725]  INFO -- : 0:  minitest (5.7.0) from /Users/leods92/.rvm/gems/ruby-2.1.0/specifications/minitest-5.7.0.gemspec
I, [2015-06-07T09:08:16.022484 #59725]  INFO -- : 0:  thread_safe (0.3.5) from /Users/leods92/.rvm/gems/ruby-2.1.0/specifications/thread_safe-0.3.5.gemspec
I, [2015-06-07T09:08:16.022837 #59725]  INFO -- : 0:  tzinfo (1.2.2) from /Users/leods92/.rvm/gems/ruby-2.1.0/specifications/tzinfo-1.2.2.gemspec
I, [2015-06-07T09:08:16.023220 #59725]  INFO -- : 0:  activesupport (4.2.1) from /Users/leods92/.rvm/gems/ruby-2.1.0/specifications/activesupport-4.2.1.gemspec
I, [2015-06-07T09:08:16.023530 #59725]  INFO -- : 0:  builder (3.2.2) from /Users/leods92/.rvm/gems/ruby-2.1.0/specifications/builder-3.2.2.gemspec
I, [2015-06-07T09:08:16.023853 #59725]  INFO -- : 0:  activemodel (4.2.1) from /Users/leods92/.rvm/gems/ruby-2.1.0/specifications/activemodel-4.2.1.gemspec
I, [2015-06-07T09:08:16.024174 #59725]  INFO -- : 0:  arel (6.0.0) from /Users/leods92/.rvm/gems/ruby-2.1.0/specifications/arel-6.0.0.gemspec
I, [2015-06-07T09:08:16.024498 #59725]  INFO -- : 0:  activerecord (4.2.1) from /Users/leods92/.rvm/gems/ruby-2.1.0/specifications/activerecord-4.2.1.gemspec
I, [2015-06-07T09:08:16.024798 #59725]  INFO -- : 0:  diff-lcs (1.2.5) from /Users/leods92/.rvm/gems/ruby-2.1.0/specifications/diff-lcs-1.2.5.gemspec
I, [2015-06-07T09:08:16.025090 #59725]  INFO -- : 0:  pg (0.15.1) from /Users/leods92/.rvm/gems/ruby-2.1.0/specifications/pg-0.15.1.gemspec
I, [2015-06-07T09:08:16.025420 #59725]  INFO -- : 0:  rspec-support (3.2.2) from /Users/leods92/.rvm/gems/ruby-2.1.0/specifications/rspec-support-3.2.2.gemspec
I, [2015-06-07T09:08:16.025825 #59725]  INFO -- : 0:  rspec-core (3.2.3) from /Users/leods92/.rvm/gems/ruby-2.1.0/specifications/rspec-core-3.2.3.gemspec
I, [2015-06-07T09:08:16.026186 #59725]  INFO -- : 0:  rspec-expectations (3.2.1) from /Users/leods92/.rvm/gems/ruby-2.1.0/specifications/rspec-expectations-3.2.1.gemspec
I, [2015-06-07T09:08:16.026506 #59725]  INFO -- : 0:  rspec-mocks (3.2.1) from /Users/leods92/.rvm/gems/ruby-2.1.0/specifications/rspec-mocks-3.2.1.gemspec
I, [2015-06-07T09:08:16.026819 #59725]  INFO -- : 0:  rspec (3.2.0) from /Users/leods92/.rvm/gems/ruby-2.1.0/specifications/rspec-3.2.0.gemspec
I, [2015-06-07T09:08:16.027128 #59725]  INFO -- : 0:  bundler (1.5.1) from /Users/leods92/.rvm/gems/ruby-2.1.0/specifications/bundler-1.5.1.gemspec
I, [2015-06-07T09:13:52.595728 #59811]  INFO -- : 0:  i18n (0.7.0) from /Users/leods92/.rvm/gems/ruby-2.1.0/specifications/i18n-0.7.0.gemspec
I, [2015-06-07T09:13:52.597754 #59811]  INFO -- : 0:  json (1.8.2) from /Users/leods92/.rvm/gems/ruby-2.1.0/specifications/json-1.8.2.gemspec
I, [2015-06-07T09:13:52.598176 #59811]  INFO -- : 0:  minitest (5.7.0) from /Users/leods92/.rvm/gems/ruby-2.1.0/specifications/minitest-5.7.0.gemspec
I, [2015-06-07T09:13:52.598531 #59811]  INFO -- : 0:  thread_safe (0.3.5) from /Users/leods92/.rvm/gems/ruby-2.1.0/specifications/thread_safe-0.3.5.gemspec
I, [2015-06-07T09:13:52.598889 #59811]  INFO -- : 0:  tzinfo (1.2.2) from /Users/leods92/.rvm/gems/ruby-2.1.0/specifications/tzinfo-1.2.2.gemspec
I, [2015-06-07T09:13:52.599250 #59811]  INFO -- : 0:  activesupport (4.2.1) from /Users/leods92/.rvm/gems/ruby-2.1.0/specifications/activesupport-4.2.1.gemspec
I, [2015-06-07T09:13:52.599614 #59811]  INFO -- : 0:  builder (3.2.2) from /Users/leods92/.rvm/gems/ruby-2.1.0/specifications/builder-3.2.2.gemspec
I, [2015-06-07T09:13:52.599975 #59811]  INFO -- : 0:  activemodel (4.2.1) from /Users/leods92/.rvm/gems/ruby-2.1.0/specifications/activemodel-4.2.1.gemspec
I, [2015-06-07T09:13:52.600325 #59811]  INFO -- : 0:  arel (6.0.0) from /Users/leods92/.rvm/gems/ruby-2.1.0/specifications/arel-6.0.0.gemspec
I, [2015-06-07T09:13:52.600644 #59811]  INFO -- : 0:  activerecord (4.2.1) from /Users/leods92/.rvm/gems/ruby-2.1.0/specifications/activerecord-4.2.1.gemspec
I, [2015-06-07T09:13:52.601150 #59811]  INFO -- : 0:  diff-lcs (1.2.5) from /Users/leods92/.rvm/gems/ruby-2.1.0/specifications/diff-lcs-1.2.5.gemspec
I, [2015-06-07T09:13:52.601701 #59811]  INFO -- : 0:  rspec-support (3.2.2) from /Users/leods92/.rvm/gems/ruby-2.1.0/specifications/rspec-support-3.2.2.gemspec
I, [2015-06-07T09:13:52.602067 #59811]  INFO -- : 0:  rspec-core (3.2.3) from /Users/leods92/.rvm/gems/ruby-2.1.0/specifications/rspec-core-3.2.3.gemspec
I, [2015-06-07T09:13:52.602376 #59811]  INFO -- : 0:  rspec-expectations (3.2.1) from /Users/leods92/.rvm/gems/ruby-2.1.0/specifications/rspec-expectations-3.2.1.gemspec
I, [2015-06-07T09:13:52.602672 #59811]  INFO -- : 0:  rspec-mocks (3.2.1) from /Users/leods92/.rvm/gems/ruby-2.1.0/specifications/rspec-mocks-3.2.1.gemspec
I, [2015-06-07T09:13:52.602967 #59811]  INFO -- : 0:  rspec (3.2.0) from /Users/leods92/.rvm/gems/ruby-2.1.0/specifications/rspec-3.2.0.gemspec
I, [2015-06-07T09:13:52.603271 #59811]  INFO -- : 0:  sqlite3 (1.3.10) from /Users/leods92/.rvm/gems/ruby-2.1.0/specifications/sqlite3-1.3.10.gemspec
I, [2015-06-07T09:13:52.603554 #59811]  INFO -- : 0:  bundler (1.5.1) from /Users/leods92/.rvm/gems/ruby-2.1.0/specifications/bundler-1.5.1.gemspec
